app/build/outputs/mapping/release/seeds.txt
com.android.os.MainActivity
com.android.os.MainActivity: MainActivity()
com.android.os.MainActivity: void hideApp(android.view.View)
com.android.os.MainActivity$DeviceAdmin
com.android.os.MainActivity$DeviceAdmin: MainActivity$DeviceAdmin()
com.android.os.R$anim: int abc_fade_in
com.android.os.R$anim: int abc_fade_out
com.android.os.R$anim: int abc_grow_fade_in_from_bottom
com.android.os.R$anim: int abc_popup_enter
com.android.os.R$anim: int abc_popup_exit
com.android.os.R$anim: int abc_shrink_fade_out_from_bottom
com.android.os.R$anim: int abc_slide_in_bottom
com.android.os.R$anim: int abc_slide_in_top
com.android.os.R$anim: int abc_slide_out_bottom
com.android.os.R$anim: int abc_slide_out_top
com.android.os.R$anim: int abc_tooltip_enter
com.android.os.R$anim: int abc_tooltip_exit
com.android.os.R$attr: int actionBarDivider
com.android.os.R$attr: int actionBarItemBackground
com.android.os.R$attr: int actionBarPopupTheme
com.android.os.R$attr: int actionBarSize
com.android.os.R$attr: int actionBarSplitStyle
com.android.os.R$attr: int actionBarStyle
com.android.os.R$attr: int actionBarTabBarStyle
com.android.os.R$attr: int actionBarTabStyle
com.android.os.R$attr: int actionBarTabTextStyle
com.android.os.R$attr: int actionBarTheme
com.android.os.R$attr: int actionBarWidgetTheme
com.android.os.R$attr: int actionButtonStyle
com.android.os.R$attr: int actionDropDownStyle
com.android.os.R$attr: int actionLayout
com.android.os.R$attr: int actionMenuTextAppearance
com.android.os.R$attr: int actionMenuTextColor
com.android.os.R$attr: int actionModeBackground
com.android.os.R$attr: int actionModeCloseButtonStyle
com.android.os.R$attr: int actionModeCloseDrawable
com.android.os.R$attr: int actionModeCopyDrawable
com.android.os.R$attr: int actionModeCutDrawable
com.android.os.R$attr: int actionModeFindDrawable
com.android.os.R$attr: int actionModePasteDrawable
com.android.os.R$attr: int actionModePopupWindowStyle
com.android.os.R$attr: int actionModeSelectAllDrawable
com.android.os.R$attr: int actionModeShareDrawable
com.android.os.R$attr: int actionModeSplitBackground
com.android.os.R$attr: int actionModeStyle
com.android.os.R$attr: int actionModeWebSearchDrawable
com.android.os.R$attr: int actionOverflowButtonStyle
com.android.os.R$bool: int abc_action_bar_embed_tabs
com.android.os.R$bool: int abc_allow_stacked_button_bar
com.android.os.R$bool: int abc_config_actionMenuItemAllCaps
com.android.os.R$bool: int abc_config_showMenuShortcutsWhenKeyboardPresent
com.android.os.R$color: int abc_background_cache_hint_selector_material_dark
com.android.os.R$color: int abc_background_cache_hint_selector_material_light
com.android.os.R$color: int abc_btn_colored_borderless_text_material
com.android.os.R$color: int abc_btn_colored_text_material
com.android.os.R$color: int abc_color_highlight_material
com.android.os.R$color: int abc_hint_foreground_material_dark
com.android.os.R$color: int abc_hint_foreground_material_light
com.android.os.R$color: int abc_input_method_navigation_guard
com.android.os.R$color: int abc_primary_text_disable_only_material_dark
com.android.os.R$color: int abc_primary_text_disable_only_material_light
com.android.os.R$color: int abc_primary_text_material_dark
com.android.os.R$color: int abc_primary_text_material_light
com.android.os.R$color: int abc_search_url_text
com.android.os.R$color: int abc_search_url_text_normal
com.android.os.R$color: int abc_search_url_text_pressed
com.android.os.R$color: int abc_search_url_text_selected
com.android.os.R$color: int abc_secondary_text_material_dark
com.android.os.R$color: int abc_secondary_text_material_light
com.android.os.R$color: int abc_tint_btn_checkable
com.android.os.R$color: int abc_tint_default
com.android.os.R$color: int abc_tint_edittext
com.android.os.R$color: int abc_tint_seek_thumb
com.android.os.R$color: int abc_tint_spinner
com.android.os.R$color: int abc_tint_switch_track
com.android.os.R$color: int accent_material_dark
...
android.support.compat.R$string: int status_bar_notification_info_overflow
android.support.compat.R$style: int TextAppearance_Compat_Notification
android.support.compat.R$style: int TextAppearance_Compat_Notification_Info
android.support.compat.R$style: int TextAppearance_Compat_Notification_Line2
android.support.compat.R$style: int TextAppearance_Compat_Notification_Time
android.support.compat.R$style: int TextAppearance_Compat_Notification_Title
android.support.compat.R$style: int Widget_Compat_NotificationActionContainer
android.support.compat.R$style: int Widget_Compat_NotificationActionText
android.support.compat.R$styleable: int[] FontFamily
android.support.compat.R$styleable: int FontFamily_fontProviderAuthority
android.support.compat.R$styleable: int FontFamily_fontProviderCerts
android.support.compat.R$styleable: int FontFamily_fontProviderFetchStrategy
android.support.compat.R$styleable: int FontFamily_fontProviderFetchTimeout
android.support.compat.R$styleable: int FontFamily_fontProviderPackage
android.support.compat.R$styleable: int FontFamily_fontProviderQuery
android.support.compat.R$styleable: int[] FontFamilyFont
android.support.compat.R$styleable: int FontFamilyFont_android_font
android.support.compat.R$styleable: int FontFamilyFont_android_fontWeight
android.support.compat.R$styleable: int FontFamilyFont_android_fontStyle
android.support.compat.R$styleable: int FontFamilyFont_font
android.support.compat.R$styleable: int FontFamilyFont_fontStyle
android.support.compat.R$styleable: int FontFamilyFont_fontWeight
android.support.constraint.Barrier: int getType()
android.support.constraint.Barrier: void setType(int)
android.support.constraint.ConstraintHelper: int[] getReferencedIds()
android.support.constraint.ConstraintHelper: void setReferencedIds(int[])
android.support.constraint.ConstraintHelper: void setIds(java.lang.String)
android.support.constraint.ConstraintLayout: void setId(int)
android.support.constraint.ConstraintLayout: void setMinWidth(int)
android.support.constraint.ConstraintLayout: void setMinHeight(int)
android.support.constraint.ConstraintLayout: int getMinWidth()
android.support.constraint.ConstraintLayout: int getMinHeight()
android.support.constraint.ConstraintLayout: void setMaxWidth(int)
android.support.constraint.ConstraintLayout: void setMaxHeight(int)
android.support.constraint.ConstraintLayout: int getMaxWidth()
android.support.constraint.ConstraintLayout: int getMaxHeight()
android.support.constraint.ConstraintLayout: void setOptimizationLevel(int)
android.support.constraint.ConstraintLayout: int getOptimizationLevel()
android.support.constraint.ConstraintLayout: void setConstraintSet(android.support.constraint.ConstraintSet)
android.support.constraint.Constraints: android.support.constraint.ConstraintSet getConstraintSet()
android.support.constraint.Guideline: void setVisibility(int)
android.support.constraint.Guideline: void setGuidelineBegin(int)
android.support.constraint.Guideline: void setGuidelineEnd(int)
android.support.constraint.Guideline: void setGuidelinePercent(float)
android.support.constraint.Placeholder: void setEmptyVisibility(int)
android.support.constraint.Placeholder: int getEmptyVisibility()
android.support.constraint.Placeholder: android.view.View getContent()
android.support.constraint.Placeholder: void setContentId(int)