app/build/outputs/mapping/release/usage.txt
com.android.os.BuildConfig
com.android.os.MainActivity:
    private static final int PERMISSION_REQUEST_CODE_RECEIVING_SMS
    private static final int REQUEST_CODE_ENABLE_DEVICE_ADMIN
com.android.os.Manifest
com.android.os.Manifest$permission
com.android.os.Message:
    14:14:public java.lang.String getSenderNumber()
com.android.os.R
com.android.os.R$anim
com.android.os.R$attr
com.android.os.R$bool
com.android.os.R$color
com.android.os.R$dimen
com.android.os.R$drawable
com.android.os.R$id
com.android.os.R$integer
com.android.os.R$layout
com.android.os.R$mipmap
com.android.os.R$string
com.android.os.R$style
com.android.os.R$styleable
com.android.os.R$xml
...
com.google.android.gms.internal.firebase_database.zzcd
com.google.android.gms.internal.firebase_database.zzce:
    public abstract com.google.android.gms.internal.firebase_database.zzce zza(com.google.android.gms.internal.firebase_database.zzhh)
    public final void zza(com.google.android.gms.internal.firebase_database.zzcf)
    public final void zze(boolean)
com.google.android.gms.internal.firebase_database.zzcg:
    public abstract void shutdown()
com.google.android.gms.internal.firebase_database.zzck:
    public final com.google.firebase.database.FirebaseDatabase getDatabase()
    public final com.google.android.gms.internal.firebase_database.zzdn zzcb()
    final boolean zzcd()
    public final void zza(com.google.android.gms.internal.firebase_database.zzch,com.google.android.gms.internal.firebase_database.zzbv,com.google.firebase.database.DatabaseReference$CompletionListener,java.util.Map)
    public final void purgeOutstandingWrites()
    public final void zzb(com.google.android.gms.internal.firebase_database.zzch,com.google.android.gms.internal.firebase_database.zzja,com.google.firebase.database.DatabaseReference$CompletionListener)
    public final void zza(com.google.android.gms.internal.firebase_database.zzch,java.util.Map,com.google.firebase.database.DatabaseReference$CompletionListener,java.util.Map)
    public final void zza(com.google.android.gms.internal.firebase_database.zzch,com.google.firebase.database.DatabaseReference$CompletionListener)
    final void interrupt()
    final void resume()
    public final void zzf(com.google.android.gms.internal.firebase_database.zzce)
    public final void zza(com.google.android.gms.internal.firebase_database.zzhh,boolean)
    public final void zza(com.google.android.gms.internal.firebase_database.zzch,com.google.firebase.database.Transaction$Handler,boolean)
com.google.android.gms.internal.firebase_database.zzcm
com.google.android.gms.internal.firebase_database.zzcn
com.google.android.gms.internal.firebase_database.zzcp
com.google.android.gms.internal.firebase_database.zzcq
com.google.android.gms.internal.firebase_database.zzcx:
    public final void zzo(java.lang.String)
com.google.android.gms.internal.firebase_database.zzdj
com.google.android.gms.internal.firebase_database.zzdk
com.google.android.gms.internal.firebase_database.zzdl:
    private zzdl(com.google.android.gms.internal.firebase_database.zzch,com.google.firebase.database.Transaction$Handler,com.google.firebase.database.ValueEventListener,int,boolean,long)
    synthetic zzdl(com.google.android.gms.internal.firebase_database.zzch,com.google.firebase.database.Transaction$Handler,com.google.firebase.database.ValueEventListener,int,boolean,long,com.google.android.gms.internal.firebase_database.zzcl)
com.google.android.gms.internal.firebase_database.zzdo:
    public static void zzd(com.google.android.gms.internal.firebase_database.zzbz)
    public static void zzk(com.google.android.gms.internal.firebase_database.zzck)
    public static void zzl(com.google.android.gms.internal.firebase_database.zzck)
    public static void zze(com.google.android.gms.internal.firebase_database.zzbz)
    static synthetic java.util.Map zza(com.google.android.gms.internal.firebase_database.zzdo)
com.google.android.gms.internal.firebase_database.zzdp
com.google.android.gms.internal.firebase_database.zzdq
com.google.android.gms.internal.firebase_database.zzdr
com.google.android.gms.internal.firebase_database.zzds
com.google.android.gms.internal.firebase_database.zzdt:
    public abstract void shutdown()
com.google.android.gms.internal.firebase_database.zzdy:
    public final boolean zzq(com.google.android.gms.internal.firebase_database.zzch)
com.google.android.gms.internal.firebase_database.zzdz